{"numFailedTestSuites":1,"numFailedTests":2,"numPassedTestSuites":0,"numPassedTests":0,"numPendingTestSuites":0,"numPendingTests":0,"numRuntimeErrorTestSuites":0,"numTodoTests":0,"numTotalTestSuites":1,"numTotalTests":2,"openHandles":[],"snapshot":{"added":0,"didUpdate":false,"failure":false,"filesAdded":0,"filesRemoved":0,"filesRemovedList":[],"filesUnmatched":0,"filesUpdated":0,"matched":0,"total":0,"unchecked":0,"uncheckedKeysByFile":[],"unmatched":0,"updated":0},"startTime":1772522105697,"success":false,"testResults":[{"assertionResults":[{"ancestorTitles":["CORS"],"duration":1024,"failureDetails":[{"name":"TSError","diagnosticText":"\u001b[96msrc/app.ts\u001b[0m:\u001b[93m69\u001b[0m:\u001b[93m5\u001b[0m - \u001b[91merror\u001b[0m\u001b[90m TS2769: \u001b[0mNo overload matches this call.\n  Overload 1 of 2, '(opts?: Options<Request<ParamsDictionary, any, any, ParsedQs, Record<string, any>>, Response<any, Record<string, any>, number>, never> | undefined, stream?: DestinationStream | undefined): HttpLogger<...>', gave the following error.\n    Type 'Logger<never, boolean>' is not assignable to type 'Logger<never> | undefined'.\n      Type 'Logger<never, boolean>' is not assignable to type 'Logger<never>'.\n        Type 'Logger<never, boolean>' is not assignable to type 'LoggerExtras<never>'.\n          The types returned by 'child(...)' are incompatible between these types.\n            Type 'Logger<ChildCustomLevels, boolean>' is not assignable to type 'Logger<ChildCustomLevels>'.\n              Type 'Logger<ChildCustomLevels, boolean>' is not assignable to type 'LoggerExtras<ChildCustomLevels>'.\n                Types of property 'onChild' are incompatible.\n                  Type 'import(\"A:/Projects/MERN/sauna-backend/node_modules/pino/pino\").OnChildCallback<ChildCustomLevels>' is not assignable to type 'OnChildCallback<ChildCustomLevels>'.\n                    Types of parameters 'child' and 'child' are incompatible.\n                      Type 'Logger<ChildCustomLevels>' is not assignable to type 'Logger<ChildCustomLevels, boolean>'.\n                        Property 'msgPrefix' is missing in type 'BaseLogger & LoggerExtras<ChildCustomLevels> & CustomLevelLogger<ChildCustomLevels>' but required in type 'BaseLogger'.\n  Overload 2 of 2, '(stream?: DestinationStream | undefined): HttpLogger<Request<ParamsDictionary, any, any, ParsedQs, Record<string, any>>, Response<...>, never>', gave the following error.\n    Object literal may only specify known properties, and 'logger' does not exist in type 'DestinationStream'.\n\n\u001b[7m69\u001b[0m     logger,\n\u001b[7m  \u001b[0m \u001b[91m    ~~~~~~\u001b[0m\n\n  \u001b[96mnode_modules/pino/pino.d.ts\u001b[0m:\u001b[93m224\u001b[0m:\u001b[93m13\u001b[0m\n    \u001b[7m224\u001b[0m         get msgPrefix(): string | undefined;\n    \u001b[7m   \u001b[0m \u001b[96m            ~~~~~~~~~\u001b[0m\n    'msgPrefix' is declared here.\n","diagnosticCodes":[2769]}],"failureMessages":[""],"fullName":"CORS allows configured origins even when config includes trailing slash","invocations":1,"location":null,"numPassingAsserts":0,"retryReasons":[],"status":"failed","title":"allows configured origins even when config includes trailing slash"},{"ancestorTitles":["CORS"],"duration":8,"failureDetails":[{"name":"TSError","diagnosticText":"\u001b[96msrc/app.ts\u001b[0m:\u001b[93m69\u001b[0m:\u001b[93m5\u001b[0m - \u001b[91merror\u001b[0m\u001b[90m TS2769: \u001b[0mNo overload matches this call.\n  Overload 1 of 2, '(opts?: Options<Request<ParamsDictionary, any, any, ParsedQs, Record<string, any>>, Response<any, Record<string, any>, number>, never> | undefined, stream?: DestinationStream | undefined): HttpLogger<...>', gave the following error.\n    Type 'Logger<never, boolean>' is not assignable to type 'Logger<never> | undefined'.\n      Type 'Logger<never, boolean>' is not assignable to type 'Logger<never>'.\n        Type 'Logger<never, boolean>' is not assignable to type 'LoggerExtras<never>'.\n          The types returned by 'child(...)' are incompatible between these types.\n            Type 'Logger<ChildCustomLevels, boolean>' is not assignable to type 'Logger<ChildCustomLevels>'.\n              Type 'Logger<ChildCustomLevels, boolean>' is not assignable to type 'LoggerExtras<ChildCustomLevels>'.\n                Types of property 'onChild' are incompatible.\n                  Type 'import(\"A:/Projects/MERN/sauna-backend/node_modules/pino/pino\").OnChildCallback<ChildCustomLevels>' is not assignable to type 'OnChildCallback<ChildCustomLevels>'.\n                    Types of parameters 'child' and 'child' are incompatible.\n                      Type 'Logger<ChildCustomLevels>' is not assignable to type 'Logger<ChildCustomLevels, boolean>'.\n                        Property 'msgPrefix' is missing in type 'BaseLogger & LoggerExtras<ChildCustomLevels> & CustomLevelLogger<ChildCustomLevels>' but required in type 'BaseLogger'.\n  Overload 2 of 2, '(stream?: DestinationStream | undefined): HttpLogger<Request<ParamsDictionary, any, any, ParsedQs, Record<string, any>>, Response<...>, never>', gave the following error.\n    Object literal may only specify known properties, and 'logger' does not exist in type 'DestinationStream'.\n\n\u001b[7m69\u001b[0m     logger,\n\u001b[7m  \u001b[0m \u001b[91m    ~~~~~~\u001b[0m\n\n  \u001b[96mnode_modules/pino/pino.d.ts\u001b[0m:\u001b[93m224\u001b[0m:\u001b[93m13\u001b[0m\n    \u001b[7m224\u001b[0m         get msgPrefix(): string | undefined;\n    \u001b[7m   \u001b[0m \u001b[96m            ~~~~~~~~~\u001b[0m\n    'msgPrefix' is declared here.\n","diagnosticCodes":[2769]}],"failureMessages":[""],"fullName":"CORS allows wildcard origin patterns","invocations":1,"location":null,"numPassingAsserts":0,"retryReasons":[],"status":"failed","title":"allows wildcard origin patterns"}],"endTime":1772522108379,"message":"  ● CORS › allows configured origins even when config includes trailing slash\n\n\n\n\n\n  ● CORS › allows wildcard origin patterns\n\n\n\n\n","name":"A:\\Projects\\MERN\\sauna-backend\\tests\\cors.test.ts","startTime":1772522105951,"status":"failed","summary":""}],"wasInterrupted":false}
